[debug] [2024-05-14T11:13:38.787Z] ----------------------------------------------------------------------
[debug] [2024-05-14T11:13:38.789Z] Command:       C:\Program Files\nodejs\node.exe C:\Users\my pc\AppData\Roaming\npm\node_modules\firebase-tools\lib\bin\firebase.js login
[debug] [2024-05-14T11:13:38.789Z] CLI Version:   13.8.3
[debug] [2024-05-14T11:13:38.789Z] Platform:      win32
[debug] [2024-05-14T11:13:38.789Z] Node Version:  v22.1.0
[debug] [2024-05-14T11:13:38.790Z] Time:          Tue May 14 2024 16:43:38 GMT+0530 (India Standard Time)
[debug] [2024-05-14T11:13:38.790Z] ----------------------------------------------------------------------
[debug] 
[debug] [2024-05-14T11:13:38.792Z] >>> [apiv2][query] GET https://firebase-public.firebaseio.com/cli.json [none]
[info] i  Firebase optionally collects CLI and Emulator Suite usage and error reporting information to help improve our products. Data is collected in accordance with Google's privacy policy (https://policies.google.com/privacy) and is not used to identify you.
 
[debug] [2024-05-14T11:13:39.446Z] <<< [apiv2][status] GET https://firebase-public.firebaseio.com/cli.json 200
[debug] [2024-05-14T11:13:39.446Z] <<< [apiv2][body] GET https://firebase-public.firebaseio.com/cli.json {"cloudBuildErrorAfter":1594252800000,"cloudBuildWarnAfter":1590019200000,"defaultNode10After":1594252800000,"minVersion":"3.0.5","node8DeploysDisabledAfter":1613390400000,"node8RuntimeDisabledAfter":1615809600000,"node8WarnAfter":1600128000000}
[info] i  To change your data collection preference at any time, run `firebase logout` and log in again. 
[info] 
[info] Visit this URL on this device to log in:
[info] https://accounts.google.com/o/oauth2/auth?client_id=563584335869-fgrhgmd47bqnekij5i8b5pr03ho849e6.apps.googleusercontent.com&scope=email%20openid%20https%3A%2F%2Fwww.googleapis.com%2Fauth%2Fcloudplatformprojects.readonly%20https%3A%2F%2Fwww.googleapis.com%2Fauth%2Ffirebase%20https%3A%2F%2Fwww.googleapis.com%2Fauth%2Fcloud-platform&response_type=code&state=334875644&redirect_uri=http%3A%2F%2Flocalhost%3A9005
[info] 
[info] Waiting for authentication...
[debug] [2024-05-14T11:14:58.843Z] >>> [apiv2][query] POST https://auth.firebase.tools/attest [none]
[debug] [2024-05-14T11:14:58.844Z] >>> [apiv2][body] POST https://auth.firebase.tools/attest {"session_id":"e45e74f1-d349-4925-a8f0-2c023679ee09"}
[debug] [2024-05-14T11:14:59.444Z] <<< [apiv2][status] POST https://auth.firebase.tools/attest 200
[debug] [2024-05-14T11:14:59.444Z] <<< [apiv2][body] POST https://auth.firebase.tools/attest {"token":"QidF3vwGKNrQroqlhxSLwgK6TDYitLPyfPL5Q9j5pUk"}
[info] 
[info] To sign in to the Firebase CLI:
[info] 
[info] 1. Take note of your session ID:
[info] 
[info]    E45E7
[info] 
[info] 2. Visit the URL below on any device and follow the instructions to get your code:
[info] 
[info]    https://auth.firebase.tools/login?code_challenge=2quf912Ws8wiw3UQNBy6y_FTqWERV06-y03qM_K-dX0&session=e45e74f1-d349-4925-a8f0-2c023679ee09&attest=QidF3vwGKNrQroqlhxSLwgK6TDYitLPyfPL5Q9j5pUk
[info] 
[info] 3. Paste or enter the authorization code below once you have it:
[info] 
